number,value,datetime_start,datetime_complete,duration,params_batch_size,params_cluster_embed_dim,params_dropout,params_hidden_size,params_lr,params_n_clusters,params_num_layers,params_weight_decay,state
0,0.9153959207559969,2025-12-05 21:28:55.277503,2025-12-05 21:43:32.515149,0 days 00:14:37.237646,96,16,0.21742508365045984,192,0.0005399484409787432,10,2,4.6225890010208326e-05,COMPLETE
1,0.9140707135865775,2025-12-05 21:43:32.567229,2025-12-05 21:54:51.366940,0 days 00:11:18.799711,128,32,0.2876433945605654,192,5.4041038546473305e-05,5,2,1.5304852121831454e-05,COMPLETE
2,0.9137109972244406,2025-12-05 21:54:51.368942,2025-12-05 22:09:26.054657,0 days 00:14:34.685715,96,16,0.40526990795364704,192,7.591104805282687e-05,10,2,3.292759134423615e-06,COMPLETE
3,0.913230972364715,2025-12-05 22:09:26.056657,2025-12-05 22:13:22.801255,0 days 00:03:56.744598,96,32,0.3793699936433256,128,0.0006978281265126031,10,4,5.989003672254308e-06,COMPLETE
4,0.9163804553706862,2025-12-05 22:13:22.803255,2025-12-05 22:39:12.778205,0 days 00:25:49.974950,112,32,0.4316734307889972,192,2.497073714505272e-05,5,4,3.487712624545935e-05,COMPLETE
5,0.9143645323294325,2025-12-05 22:39:12.779204,2025-12-05 22:41:19.691189,0 days 00:02:06.911985,96,32,0.41888185350141927,128,0.00018841476921545086,3,2,3.3233042062267926e-05,COMPLETE
6,0.9150655258116138,2025-12-05 22:41:19.694189,2025-12-05 22:46:08.978654,0 days 00:04:49.284465,112,32,0.294306794322898,128,0.0001040258761588385,3,3,2.868113482103008e-06,COMPLETE
7,0.9157619850539362,2025-12-05 22:46:08.980658,2025-12-05 22:49:18.939401,0 days 00:03:09.958743,112,64,0.4677676995469933,128,0.00011986281799901183,5,2,2.856737429847189e-06,COMPLETE
8,0.915843601371396,2025-12-05 22:49:18.941400,2025-12-05 23:11:24.413911,0 days 00:22:05.472511,96,32,0.48287291117375575,192,4.4300218067679785e-05,10,3,8.411909465645726e-05,COMPLETE
9,0.8942669675789758,2025-12-05 23:11:24.415912,2025-12-05 23:13:21.085799,0 days 00:01:56.669887,96,16,0.4724797657899961,128,3.0138649046798015e-05,7,2,2.2093834415066278e-05,PRUNED
10,0.8795999107661596,2025-12-05 23:13:21.088801,2025-12-05 23:27:31.975711,0 days 00:14:10.886910,112,64,0.32352007086147677,192,1.0820667205454346e-05,5,4,1.0744583847151153e-06,PRUNED
11,0.8817787641596754,2025-12-05 23:27:31.978709,2025-12-05 23:37:02.637327,0 days 00:09:30.658618,128,32,0.4892250735808649,192,2.0904558775725355e-05,7,3,9.652338212163048e-05,PRUNED
12,0.916099030216779,2025-12-05 23:37:02.640322,2025-12-06 00:02:55.988895,0 days 00:25:53.348573,112,32,0.4276746593907222,192,3.0051114488717908e-05,5,4,9.856916082849149e-05,COMPLETE
13,0.8804647414485747,2025-12-06 00:02:55.990894,2025-12-06 00:17:05.954421,0 days 00:14:09.963527,112,32,0.4135933406640236,192,1.4352407941995743e-05,5,4,5.222764865786765e-05,COMPLETE
14,0.0,2025-12-06 00:17:05.957421,2025-12-06 00:18:21.420383,0 days 00:01:15.462962,112,32,0.36764130781191195,192,2.89476130396263e-05,5,4,1.0728500345250305e-05,COMPLETE
15,0.9105512366081225,2025-12-06 00:18:21.423382,2025-12-06 00:32:32.718001,0 days 00:14:11.294619,112,64,0.43698970655939995,192,0.00025695327964024464,5,4,3.063159529060929e-05,PRUNED
16,0.8812739521220545,2025-12-06 00:32:32.719999,2025-12-06 00:43:09.409756,0 days 00:10:36.689757,112,32,0.4464684760990962,192,1.9059104567965254e-05,5,3,6.145492434645102e-05,PRUNED
17,0.9170560571096579,2025-12-06 00:43:09.412749,2025-12-06 01:08:57.506664,0 days 00:25:48.093915,112,32,0.3487427151356398,192,4.162953495869027e-05,5,4,2.1383075437642364e-05,COMPLETE
18,0.9162350574125451,2025-12-06 01:08:57.509665,2025-12-06 01:31:54.064976,0 days 00:22:56.555311,128,64,0.33433915137452686,192,5.655651706443465e-05,7,4,1.6957096109639074e-05,COMPLETE
19,0.9153109793293073,2025-12-06 01:31:54.067979,2025-12-06 01:51:16.096898,0 days 00:19:22.028919,112,16,0.258007530133549,192,0.00016155377070117735,3,3,7.791376552001977e-06,COMPLETE
20,0.9135655992662997,2025-12-06 01:51:16.099900,2025-12-06 02:08:02.459961,0 days 00:16:46.360061,112,32,0.3809337876414197,192,0.0003322336843334365,5,4,2.4996549572464484e-05,PRUNED
21,0.918179641746686,2025-12-06 02:08:02.464963,2025-12-06 02:30:58.095778,0 days 00:22:55.630815,128,64,0.33353492498912407,192,4.9650761590088067e-05,7,4,1.537906138061296e-05,COMPLETE
22,0.9153599491197831,2025-12-06 02:30:58.099780,2025-12-06 02:46:58.736106,0 days 00:16:00.636326,128,64,0.3408653214587374,192,4.0723753308415676e-05,7,4,1.3268226991197403e-05,COMPLETE
23,0.0,2025-12-06 02:46:58.739114,2025-12-06 02:49:15.617578,0 days 00:02:16.878464,128,64,0.307808243135814,192,7.826137228572352e-05,7,4,3.80234131811355e-05,COMPLETE
24,0.9110388185342798,2025-12-06 02:49:15.621579,2025-12-06 02:58:42.537424,0 days 00:09:26.915845,128,64,0.2641171652174076,192,1.8379621110561493e-05,7,3,1.9101183059119023e-05,PRUNED
25,0.9130870858198601,2025-12-06 02:58:42.542432,2025-12-06 03:13:38.890119,0 days 00:14:56.347687,128,64,0.3627661467540696,192,6.505513177056684e-05,5,4,5.807633792489621e-06,PRUNED
26,0.9152883081300129,2025-12-06 03:13:38.895118,2025-12-06 03:19:47.084877,0 days 00:06:08.189759,112,32,0.39268028699782626,128,3.7738664163950315e-05,7,4,1.0543701275598403e-05,COMPLETE
27,0.8488045627753417,2025-12-06 03:19:47.090878,2025-12-06 03:32:24.941370,0 days 00:12:37.850492,128,32,0.3555083904207312,192,1.010233849754803e-05,3,4,6.422637576165698e-05,PRUNED
28,0.9131557039830578,2025-12-06 03:32:24.946370,2025-12-06 03:43:08.278686,0 days 00:10:43.332316,112,16,0.31392422630319705,192,2.7854714345402863e-05,5,3,2.6029782715628684e-05,PRUNED
29,0.9173262978052465,2025-12-06 03:43:08.283686,2025-12-06 04:06:03.056296,0 days 00:22:54.772610,128,64,0.2165318481568722,192,1.5406099722216075e-05,10,4,4.361467719838143e-05,COMPLETE
